[debug] [2024-09-23T09:07:26.756Z] ----------------------------------------------------------------------
[debug] [2024-09-23T09:07:26.759Z] Command:       /opt/homebrew/Cellar/node/22.8.0/bin/node /opt/homebrew/bin/firebase init
[debug] [2024-09-23T09:07:26.760Z] CLI Version:   13.18.0
[debug] [2024-09-23T09:07:26.760Z] Platform:      darwin
[debug] [2024-09-23T09:07:26.760Z] Node Version:  v22.8.0
[debug] [2024-09-23T09:07:26.760Z] Time:          Mon Sep 23 2024 14:37:26 GMT+0530 (India Standard Time)
[debug] [2024-09-23T09:07:26.760Z] ----------------------------------------------------------------------
[debug] 
[debug] [2024-09-23T09:07:26.791Z] > command requires scopes: ["email","openid","https://www.googleapis.com/auth/cloudplatformprojects.readonly","https://www.googleapis.com/auth/firebase","https://www.googleapis.com/auth/cloud-platform"]
[debug] [2024-09-23T09:07:26.791Z] > authorizing via signed-in user (contact@kathha.com)
[info] 
     ######## #### ########  ######## ########     ###     ######  ########
     ##        ##  ##     ## ##       ##     ##  ##   ##  ##       ##
     ######    ##  ########  ######   ########  #########  ######  ######
     ##        ##  ##    ##  ##       ##     ## ##     ##       ## ##
     ##       #### ##     ## ######## ########  ##     ##  ######  ########

You're about to initialize a Firebase project in this directory:

  /Users/kavetysandeep

Before we get started, keep in mind:

  * You are initializing within an existing Firebase project directory

[info] 
=== Project Setup
[info] 
[info] First, let's associate this project directory with a Firebase project.
[info] You can create multiple project aliases by running firebase use --add, 
[info] but for now we'll just set up a default project.
[info] 
[debug] [2024-09-23T09:07:32.217Z] Using project from CLI flag: kathha-website
[debug] [2024-09-23T09:07:32.220Z] >>> [apiv2][query] GET https://firebase.googleapis.com/v1beta1/projects/kathha-website [none]
[debug] [2024-09-23T09:07:32.817Z] <<< [apiv2][status] GET https://firebase.googleapis.com/v1beta1/projects/kathha-website 200
[debug] [2024-09-23T09:07:32.817Z] <<< [apiv2][body] GET https://firebase.googleapis.com/v1beta1/projects/kathha-website {"projectId":"kathha-website","projectNumber":"760694429256","displayName":"kathha-website","name":"projects/kathha-website","resources":{"hostingSite":"kathha-website","storageBucket":"kathha-website.appspot.com","locationId":"asia-south1"},"state":"ACTIVE","etag":"1_6fb4e6d4-0506-4154-a195-05e6b66ee46b"}
[info] i  Using project kathha-website (kathha-website) 
[info] 
=== Hosting Setup
[debug] [2024-09-23T09:07:32.825Z] >>> [apiv2][query] GET https://firebase.googleapis.com/v1beta1/projects/kathha-website [none]
[debug] [2024-09-23T09:07:33.139Z] <<< [apiv2][status] GET https://firebase.googleapis.com/v1beta1/projects/kathha-website 200
[debug] [2024-09-23T09:07:33.139Z] <<< [apiv2][body] GET https://firebase.googleapis.com/v1beta1/projects/kathha-website {"projectId":"kathha-website","projectNumber":"760694429256","displayName":"kathha-website","name":"projects/kathha-website","resources":{"hostingSite":"kathha-website","storageBucket":"kathha-website.appspot.com","locationId":"asia-south1"},"state":"ACTIVE","etag":"1_6fb4e6d4-0506-4154-a195-05e6b66ee46b"}
[info] 
[info] Your public directory is the folder (relative to your project directory) that
[info] will contain Hosting assets to be uploaded with firebase deploy. If you
[info] have a build process for your assets, use your build's output directory.
[info] 
